[2026-03-21 19:42:14,291] multiqc                                            [DEBUG  ]  This is MultiQC v1.21
[2026-03-21 19:42:14,292] multiqc                                            [DEBUG  ]  Command used: /opt/conda/envs/rnaseq_env/bin/multiqc ../results/01_fastqc --outdir ../results/01_fastqc --filename multiqc_report.html --force
[2026-03-21 19:42:14,370] multiqc                                            [WARNING]  MultiQC Version v1.33 now available!
[2026-03-21 19:42:14,382] multiqc                                            [DEBUG  ]  Latest MultiQC version is v1.33, released 2025-12-09
[2026-03-21 19:42:14,382] multiqc                                            [DEBUG  ]  Working dir : /data/jwd07/pulsar_staging/98584065/working/jupyter/galaxy_inputs/rnaseq_analysis/notebooks
[2026-03-21 19:42:14,382] multiqc                                            [DEBUG  ]  Template    : default
[2026-03-21 19:42:14,382] multiqc                                            [DEBUG  ]  Running Python 3.12.3 | packaged by conda-forge | (main, Apr 15 2024, 18:38:13) [GCC 12.3.0]
[2026-03-21 19:42:14,382] multiqc                                            [DEBUG  ]  Analysing modules: custom_content, ccs, ngsderive, purple, conpair, isoseq, lima, peddy, somalier, methylqa, mosdepth, phantompeakqualtools, qualimap, bamdst, preseq, hifiasm, quast, qorts, rna_seqc, rockhopper, rsem, rseqc, busco, bustools, goleft_indexcov, gffcompare, disambiguate, supernova, deeptools, sargasso, verifybamid, mirtrace, happy, mirtop, sambamba, gopeaks, homer, hops, macs2, theta2, snpeff, gatk, htseq, bcftools, featureCounts, fgbio, dragen, dragen_fastqc, dedup, pbmarkdup, damageprofiler, mapdamage, biobambam2, jcvi, mtnucratio, picard, vep, bakta, prokka, qc3C, nanostat, samblaster, samtools, sexdeterrmine, seqera_cli, eigenstratdatabasetools, bamtools, jellyfish, vcftools, longranger, stacks, varscan2, snippy, umitools, truvari, megahit, bbmap, bismark, biscuit, diamond, hicexplorer, hicup, hicpro, salmon, kallisto, slamdunk, star, hisat2, tophat, bowtie2, bowtie1, cellranger, snpsplit, odgi, pangolin, nextclade, freyja, humid, kat, leehom, librarian, nonpareil, adapterRemoval, bbduk, clipandmerge, cutadapt, flexbar, sourmash, kaiju, bracken, kraken, malt, motus, trimmomatic, sickle, skewer, sortmerna, biobloomtools, fastq_screen, afterqc, fastp, fastqc, filtlong, prinseqplusplus, pychopper, porechop, pycoqc, minionqc, anglerfish, multivcfanalyzer, clusterflow, checkqc, bcl2fastq, bclconvert, interop, ivar, flash, seqyclean, optitype, whatshap, spaceranger, xenome, xengsort, metaphlan, seqwho
[2026-03-21 19:42:14,383] multiqc                                            [DEBUG  ]  Using temporary directory for creating report: /tmp/tmpsz2hsgt0
[2026-03-21 19:42:14,383] multiqc                                            [INFO   ]  Search path : /data/jwd07/pulsar_staging/98584065/working/jupyter/galaxy_inputs/rnaseq_analysis/results/01_fastqc
[2026-03-21 19:42:14,613] multiqc                                            [DEBUG  ]  Summary of files that were skipped by the search: [skipped_module_specific_max_filesize: 156] // [skipped_no_match: 12]
[2026-03-21 19:42:14,651] multiqc                                            [DEBUG  ]  No samples found: custom_content
[2026-03-21 19:42:14,791] multiqc.modules.fastqc.fastqc                      [INFO   ]  Found 12 reports
[2026-03-21 19:42:14,791] multiqc.utils.util_functions                       [DEBUG  ]  Wrote data file multiqc_fastqc.txt
[2026-03-21 19:42:14,859] multiqc.plots.plotly.heatmap                       [DEBUG  ]  Resizing from 495x540 to fit the maximum size 900x500
[2026-03-21 19:42:14,859] multiqc.plots.plotly.heatmap                       [DEBUG  ]  Heatmap size: 900x500, px per element: 81.82x41.67
[2026-03-21 19:42:14,861] multiqc.utils.software_versions                    [DEBUG  ]  Reading software versions from config.software_versions
[2026-03-21 19:42:14,861] multiqc.utils.util_functions                       [DEBUG  ]  Wrote data file multiqc_software_versions.txt
[2026-03-21 19:42:14,870] multiqc.utils.util_functions                       [DEBUG  ]  Wrote data file multiqc_general_stats.txt
[2026-03-21 19:42:14,872] multiqc                                            [DEBUG  ]  Compressing plot data
[2026-03-21 19:42:14,957] multiqc.utils.util_functions                       [DEBUG  ]  Wrote data file multiqc_data.json
[2026-03-21 19:42:14,958] multiqc                                            [INFO   ]  Report      : ../results/01_fastqc/multiqc_report.html
[2026-03-21 19:42:14,958] multiqc                                            [INFO   ]  Data        : ../results/01_fastqc/multiqc_report_data
[2026-03-21 19:42:14,958] multiqc                                            [DEBUG  ]  Moving data file from '/tmp/tmpsz2hsgt0/multiqc_data' to '/data/jwd07/pulsar_staging/98584065/working/jupyter/galaxy_inputs/rnaseq_analysis/results/01_fastqc/multiqc_report_data'
[2026-03-21 19:42:14,969] multiqc                                            [DEBUG  ]  Full report path: /data/jwd07/pulsar_staging/98584065/working/jupyter/galaxy_inputs/rnaseq_analysis/results/01_fastqc/multiqc_report.html
[2026-03-21 19:42:15,052] multiqc                                            [INFO   ]  MultiQC complete
